stage=IN kind=CHAR code=CHAR charCode=104 char='h' ctrl=false alt=false shift=false filter=''
stage=DELETE_CHECK matched=false reason=NO_MATCH code=CHAR charCode=104 char='h' ctrl=false alt=false shift=false filter=''
stage=FILTER_APPEND kind=CHAR code=CHAR charCode=104 char='h' ctrl=false alt=false shift=false filter='h'
stage=IN kind=CHAR code=CHAR charCode=101 char='e' ctrl=false alt=false shift=false filter='h'
stage=DELETE_CHECK matched=false reason=NO_MATCH code=CHAR charCode=101 char='e' ctrl=false alt=false shift=false filter='h'
stage=FILTER_APPEND kind=CHAR code=CHAR charCode=101 char='e' ctrl=false alt=false shift=false filter='he'
stage=IN kind=CHAR code=CHAR charCode=108 char='l' ctrl=false alt=false shift=false filter='he'
stage=DELETE_CHECK matched=false reason=NO_MATCH code=CHAR charCode=108 char='l' ctrl=false alt=false shift=false filter='he'
stage=FILTER_APPEND kind=CHAR code=CHAR charCode=108 char='l' ctrl=false alt=false shift=false filter='hel'
stage=IN kind=CHAR code=CHAR charCode=108 char='l' ctrl=false alt=false shift=false filter='hel'
stage=DELETE_CHECK matched=false reason=NO_MATCH code=CHAR charCode=108 char='l' ctrl=false alt=false shift=false filter='hel'
stage=FILTER_APPEND kind=CHAR code=CHAR charCode=108 char='l' ctrl=false alt=false shift=false filter='hell'
stage=IN kind=CHAR code=CHAR charCode=111 char='o' ctrl=false alt=false shift=false filter='hell'
stage=DELETE_CHECK matched=false reason=NO_MATCH code=CHAR charCode=111 char='o' ctrl=false alt=false shift=false filter='hell'
stage=FILTER_APPEND kind=CHAR code=CHAR charCode=111 char='o' ctrl=false alt=false shift=false filter='hello'
stage=IN kind=DELETE code=CHAR charCode=104 char='h' ctrl=true alt=false shift=false filter='hello'
stage=DELETE_CHECK matched=true reason=CTRL_H code=CHAR charCode=104 char='h' ctrl=true alt=false shift=false filter='hello'
stage=BACKSPACE_APPLIED kind=DELETE code=CHAR charCode=104 char='h' ctrl=true alt=false shift=false filter='hell'
stage=IN kind=DELETE code=CHAR charCode=104 char='h' ctrl=true alt=false shift=false filter='hell'
stage=DELETE_CHECK matched=true reason=CTRL_H code=CHAR charCode=104 char='h' ctrl=true alt=false shift=false filter='hell'
stage=BACKSPACE_APPLIED kind=DELETE code=CHAR charCode=104 char='h' ctrl=true alt=false shift=false filter='hel'
stage=IN kind=DELETE code=CHAR charCode=104 char='h' ctrl=true alt=false shift=false filter='hel'
stage=DELETE_CHECK matched=true reason=CTRL_H code=CHAR charCode=104 char='h' ctrl=true alt=false shift=false filter='hel'
stage=BACKSPACE_APPLIED kind=DELETE code=CHAR charCode=104 char='h' ctrl=true alt=false shift=false filter='he'
stage=IN kind=DELETE code=CHAR charCode=104 char='h' ctrl=true alt=false shift=false filter='he'
stage=DELETE_CHECK matched=true reason=CTRL_H code=CHAR charCode=104 char='h' ctrl=true alt=false shift=false filter='he'
stage=BACKSPACE_APPLIED kind=DELETE code=CHAR charCode=104 char='h' ctrl=true alt=false shift=false filter='h'
stage=IN kind=DELETE code=CHAR charCode=104 char='h' ctrl=true alt=false shift=false filter='h'
stage=DELETE_CHECK matched=true reason=CTRL_H code=CHAR charCode=104 char='h' ctrl=true alt=false shift=false filter='h'
stage=BACKSPACE_APPLIED kind=DELETE code=CHAR charCode=104 char='h' ctrl=true alt=false shift=false filter=''
stage=IN kind=CHAR code=CHAR charCode=116 char='t' ctrl=false alt=false shift=false filter=''
stage=DELETE_CHECK matched=false reason=NO_MATCH code=CHAR charCode=116 char='t' ctrl=false alt=false shift=false filter=''
stage=FILTER_APPEND kind=CHAR code=CHAR charCode=116 char='t' ctrl=false alt=false shift=false filter='t'
stage=IN kind=CHAR code=CHAR charCode=104 char='h' ctrl=false alt=false shift=false filter='t'
stage=DELETE_CHECK matched=false reason=NO_MATCH code=CHAR charCode=104 char='h' ctrl=false alt=false shift=false filter='t'
stage=FILTER_APPEND kind=CHAR code=CHAR charCode=104 char='h' ctrl=false alt=false shift=false filter='th'
stage=IN kind=CHAR code=CHAR charCode=105 char='i' ctrl=false alt=false shift=false filter='th'
stage=DELETE_CHECK matched=false reason=NO_MATCH code=CHAR charCode=105 char='i' ctrl=false alt=false shift=false filter='th'
stage=FILTER_APPEND kind=CHAR code=CHAR charCode=105 char='i' ctrl=false alt=false shift=false filter='thi'
stage=IN kind=CHAR code=CHAR charCode=115 char='s' ctrl=false alt=false shift=false filter='thi'
stage=DELETE_CHECK matched=false reason=NO_MATCH code=CHAR charCode=115 char='s' ctrl=false alt=false shift=false filter='thi'
stage=FILTER_APPEND kind=CHAR code=CHAR charCode=115 char='s' ctrl=false alt=false shift=false filter='this'
stage=IN kind=CHAR code=CHAR charCode=32 char=' ' ctrl=false alt=false shift=false filter='this'
stage=SELECT_IGNORED_SPACE kind=CHAR code=CHAR charCode=32 char=' ' ctrl=false alt=false shift=false filter='this'
stage=DELETE_CHECK matched=false reason=NO_MATCH code=CHAR charCode=32 char=' ' ctrl=false alt=false shift=false filter='this'
stage=FILTER_APPEND kind=CHAR code=CHAR charCode=32 char=' ' ctrl=false alt=false shift=false filter='this '
stage=IN kind=CHAR code=CHAR charCode=105 char='i' ctrl=false alt=false shift=false filter='this '
stage=DELETE_CHECK matched=false reason=NO_MATCH code=CHAR charCode=105 char='i' ctrl=false alt=false shift=false filter='this '
stage=FILTER_APPEND kind=CHAR code=CHAR charCode=105 char='i' ctrl=false alt=false shift=false filter='this i'
stage=IN kind=CHAR code=CHAR charCode=115 char='s' ctrl=false alt=false shift=false filter='this i'
stage=DELETE_CHECK matched=false reason=NO_MATCH code=CHAR charCode=115 char='s' ctrl=false alt=false shift=false filter='this i'
stage=FILTER_APPEND kind=CHAR code=CHAR charCode=115 char='s' ctrl=false alt=false shift=false filter='this is'
stage=IN kind=DELETE code=CHAR charCode=104 char='h' ctrl=true alt=false shift=false filter='this is'
stage=DELETE_CHECK matched=true reason=CTRL_H code=CHAR charCode=104 char='h' ctrl=true alt=false shift=false filter='this is'
stage=BACKSPACE_APPLIED kind=DELETE code=CHAR charCode=104 char='h' ctrl=true alt=false shift=false filter='this i'
stage=IN kind=DELETE code=CHAR charCode=104 char='h' ctrl=true alt=false shift=false filter='this i'
stage=DELETE_CHECK matched=true reason=CTRL_H code=CHAR charCode=104 char='h' ctrl=true alt=false shift=false filter='this i'
stage=BACKSPACE_APPLIED kind=DELETE code=CHAR charCode=104 char='h' ctrl=true alt=false shift=false filter='this '
stage=IN kind=DELETE code=CHAR charCode=104 char='h' ctrl=true alt=false shift=false filter='this '
stage=DELETE_CHECK matched=true reason=CTRL_H code=CHAR charCode=104 char='h' ctrl=true alt=false shift=false filter='this '
stage=BACKSPACE_APPLIED kind=DELETE code=CHAR charCode=104 char='h' ctrl=true alt=false shift=false filter='this'
stage=IN kind=DELETE code=CHAR charCode=104 char='h' ctrl=true alt=false shift=false filter='this'
stage=DELETE_CHECK matched=true reason=CTRL_H code=CHAR charCode=104 char='h' ctrl=true alt=false shift=false filter='this'
stage=BACKSPACE_APPLIED kind=DELETE code=CHAR charCode=104 char='h' ctrl=true alt=false shift=false filter='thi'
stage=IN kind=DELETE code=CHAR charCode=104 char='h' ctrl=true alt=false shift=false filter='thi'
stage=DELETE_CHECK matched=true reason=CTRL_H code=CHAR charCode=104 char='h' ctrl=true alt=false shift=false filter='thi'
stage=BACKSPACE_APPLIED kind=DELETE code=CHAR charCode=104 char='h' ctrl=true alt=false shift=false filter='th'
stage=IN kind=DELETE code=CHAR charCode=104 char='h' ctrl=true alt=false shift=false filter='th'
stage=DELETE_CHECK matched=true reason=CTRL_H code=CHAR charCode=104 char='h' ctrl=true alt=false shift=false filter='th'
stage=BACKSPACE_APPLIED kind=DELETE code=CHAR charCode=104 char='h' ctrl=true alt=false shift=false filter='t'
stage=IN kind=DELETE code=CHAR charCode=104 char='h' ctrl=true alt=false shift=false filter='t'
stage=DELETE_CHECK matched=true reason=CTRL_H code=CHAR charCode=104 char='h' ctrl=true alt=false shift=false filter='t'
stage=BACKSPACE_APPLIED kind=DELETE code=CHAR charCode=104 char='h' ctrl=true alt=false shift=false filter=''
stage=IN kind=DELETE code=CHAR charCode=104 char='h' ctrl=true alt=false shift=false filter=''
stage=DELETE_CHECK matched=true reason=CTRL_H code=CHAR charCode=104 char='h' ctrl=true alt=false shift=false filter=''
stage=UNHANDLED kind=DELETE code=CHAR charCode=104 char='h' ctrl=true alt=false shift=false filter=''
stage=IN kind=DELETE code=CHAR charCode=104 char='h' ctrl=true alt=false shift=false filter=''
stage=DELETE_CHECK matched=true reason=CTRL_H code=CHAR charCode=104 char='h' ctrl=true alt=false shift=false filter=''
stage=UNHANDLED kind=DELETE code=CHAR charCode=104 char='h' ctrl=true alt=false shift=false filter=''
stage=IN kind=DELETE code=CHAR charCode=104 char='h' ctrl=true alt=false shift=false filter=''
stage=DELETE_CHECK matched=true reason=CTRL_H code=CHAR charCode=104 char='h' ctrl=true alt=false shift=false filter=''
stage=UNHANDLED kind=DELETE code=CHAR charCode=104 char='h' ctrl=true alt=false shift=false filter=''
stage=IN kind=DELETE code=CHAR charCode=104 char='h' ctrl=true alt=false shift=false filter=''
stage=DELETE_CHECK matched=true reason=CTRL_H code=CHAR charCode=104 char='h' ctrl=true alt=false shift=false filter=''
stage=UNHANDLED kind=DELETE code=CHAR charCode=104 char='h' ctrl=true alt=false shift=false filter=''
stage=IN kind=DELETE code=CHAR charCode=104 char='h' ctrl=true alt=false shift=false filter=''
stage=DELETE_CHECK matched=true reason=CTRL_H code=CHAR charCode=104 char='h' ctrl=true alt=false shift=false filter=''
stage=UNHANDLED kind=DELETE code=CHAR charCode=104 char='h' ctrl=true alt=false shift=false filter=''
stage=IN kind=DELETE code=CHAR charCode=104 char='h' ctrl=true alt=false shift=false filter=''
stage=DELETE_CHECK matched=true reason=CTRL_H code=CHAR charCode=104 char='h' ctrl=true alt=false shift=false filter=''
stage=UNHANDLED kind=DELETE code=CHAR charCode=104 char='h' ctrl=true alt=false shift=false filter=''
stage=IN kind=DOWN code=DOWN charCode=0 char='ctrl' ctrl=false alt=false shift=false filter=''
stage=DELETE_CHECK matched=false reason=NO_MATCH code=DOWN charCode=0 char='ctrl' ctrl=false alt=false shift=false filter=''
stage=UNHANDLED kind=DOWN code=DOWN charCode=0 char='ctrl' ctrl=false alt=false shift=false filter=''
stage=IN kind=DOWN code=DOWN charCode=0 char='ctrl' ctrl=false alt=false shift=false filter=''
stage=DELETE_CHECK matched=false reason=NO_MATCH code=DOWN charCode=0 char='ctrl' ctrl=false alt=false shift=false filter=''
stage=UNHANDLED kind=DOWN code=DOWN charCode=0 char='ctrl' ctrl=false alt=false shift=false filter=''
stage=IN kind=DOWN code=DOWN charCode=0 char='ctrl' ctrl=false alt=false shift=false filter=''
stage=DELETE_CHECK matched=false reason=NO_MATCH code=DOWN charCode=0 char='ctrl' ctrl=false alt=false shift=false filter=''
stage=UNHANDLED kind=DOWN code=DOWN charCode=0 char='ctrl' ctrl=false alt=false shift=false filter=''
stage=IN kind=DOWN code=DOWN charCode=0 char='ctrl' ctrl=false alt=false shift=false filter=''
stage=DELETE_CHECK matched=false reason=NO_MATCH code=DOWN charCode=0 char='ctrl' ctrl=false alt=false shift=false filter=''
stage=UNHANDLED kind=DOWN code=DOWN charCode=0 char='ctrl' ctrl=false alt=false shift=false filter=''
stage=IN kind=UP code=UP charCode=0 char='ctrl' ctrl=false alt=false shift=false filter=''
stage=DELETE_CHECK matched=false reason=NO_MATCH code=UP charCode=0 char='ctrl' ctrl=false alt=false shift=false filter=''
stage=UNHANDLED kind=UP code=UP charCode=0 char='ctrl' ctrl=false alt=false shift=false filter=''
stage=IN kind=UP code=UP charCode=0 char='ctrl' ctrl=false alt=false shift=false filter=''
stage=DELETE_CHECK matched=false reason=NO_MATCH code=UP charCode=0 char='ctrl' ctrl=false alt=false shift=false filter=''
stage=UNHANDLED kind=UP code=UP charCode=0 char='ctrl' ctrl=false alt=false shift=false filter=''
stage=IN kind=UP code=UP charCode=0 char='ctrl' ctrl=false alt=false shift=false filter=''
stage=DELETE_CHECK matched=false reason=NO_MATCH code=UP charCode=0 char='ctrl' ctrl=false alt=false shift=false filter=''
stage=UNHANDLED kind=UP code=UP charCode=0 char='ctrl' ctrl=false alt=false shift=false filter=''
stage=IN kind=DOWN code=DOWN charCode=0 char='ctrl' ctrl=false alt=false shift=false filter=''
stage=DELETE_CHECK matched=false reason=NO_MATCH code=DOWN charCode=0 char='ctrl' ctrl=false alt=false shift=false filter=''
stage=UNHANDLED kind=DOWN code=DOWN charCode=0 char='ctrl' ctrl=false alt=false shift=false filter=''
stage=IN kind=DOWN code=DOWN charCode=0 char='ctrl' ctrl=false alt=false shift=false filter=''
stage=DELETE_CHECK matched=false reason=NO_MATCH code=DOWN charCode=0 char='ctrl' ctrl=false alt=false shift=false filter=''
stage=UNHANDLED kind=DOWN code=DOWN charCode=0 char='ctrl' ctrl=false alt=false shift=false filter=''
stage=IN kind=DOWN code=DOWN charCode=0 char='ctrl' ctrl=false alt=false shift=false filter=''
stage=DELETE_CHECK matched=false reason=NO_MATCH code=DOWN charCode=0 char='ctrl' ctrl=false alt=false shift=false filter=''
stage=UNHANDLED kind=DOWN code=DOWN charCode=0 char='ctrl' ctrl=false alt=false shift=false filter=''
stage=IN kind=DOWN code=DOWN charCode=0 char='ctrl' ctrl=false alt=false shift=false filter=''
stage=DELETE_CHECK matched=false reason=NO_MATCH code=DOWN charCode=0 char='ctrl' ctrl=false alt=false shift=false filter=''
stage=UNHANDLED kind=DOWN code=DOWN charCode=0 char='ctrl' ctrl=false alt=false shift=false filter=''
stage=IN kind=DOWN code=DOWN charCode=0 char='ctrl' ctrl=false alt=false shift=false filter=''
stage=DELETE_CHECK matched=false reason=NO_MATCH code=DOWN charCode=0 char='ctrl' ctrl=false alt=false shift=false filter=''
stage=UNHANDLED kind=DOWN code=DOWN charCode=0 char='ctrl' ctrl=false alt=false shift=false filter=''
stage=IN kind=DOWN code=DOWN charCode=0 char='ctrl' ctrl=false alt=false shift=false filter=''
stage=DELETE_CHECK matched=false reason=NO_MATCH code=DOWN charCode=0 char='ctrl' ctrl=false alt=false shift=false filter=''
stage=UNHANDLED kind=DOWN code=DOWN charCode=0 char='ctrl' ctrl=false alt=false shift=false filter=''
stage=IN kind=DOWN code=DOWN charCode=0 char='ctrl' ctrl=false alt=false shift=false filter=''
stage=DELETE_CHECK matched=false reason=NO_MATCH code=DOWN charCode=0 char='ctrl' ctrl=false alt=false shift=false filter=''
stage=UNHANDLED kind=DOWN code=DOWN charCode=0 char='ctrl' ctrl=false alt=false shift=false filter=''
stage=IN kind=UP code=UP charCode=0 char='ctrl' ctrl=false alt=false shift=false filter=''
stage=DELETE_CHECK matched=false reason=NO_MATCH code=UP charCode=0 char='ctrl' ctrl=false alt=false shift=false filter=''
stage=UNHANDLED kind=UP code=UP charCode=0 char='ctrl' ctrl=false alt=false shift=false filter=''
stage=IN kind=UP code=UP charCode=0 char='ctrl' ctrl=false alt=false shift=false filter=''
stage=DELETE_CHECK matched=false reason=NO_MATCH code=UP charCode=0 char='ctrl' ctrl=false alt=false shift=false filter=''
stage=UNHANDLED kind=UP code=UP charCode=0 char='ctrl' ctrl=false alt=false shift=false filter=''
stage=IN kind=DOWN code=DOWN charCode=0 char='ctrl' ctrl=false alt=false shift=false filter=''
stage=DELETE_CHECK matched=false reason=NO_MATCH code=DOWN charCode=0 char='ctrl' ctrl=false alt=false shift=false filter=''
stage=UNHANDLED kind=DOWN code=DOWN charCode=0 char='ctrl' ctrl=false alt=false shift=false filter=''
stage=IN kind=DOWN code=DOWN charCode=0 char='ctrl' ctrl=false alt=false shift=false filter=''
stage=DELETE_CHECK matched=false reason=NO_MATCH code=DOWN charCode=0 char='ctrl' ctrl=false alt=false shift=false filter=''
stage=UNHANDLED kind=DOWN code=DOWN charCode=0 char='ctrl' ctrl=false alt=false shift=false filter=''
stage=IN kind=DOWN code=DOWN charCode=0 char='ctrl' ctrl=false alt=false shift=false filter=''
stage=DELETE_CHECK matched=false reason=NO_MATCH code=DOWN charCode=0 char='ctrl' ctrl=false alt=false shift=false filter=''
stage=UNHANDLED kind=DOWN code=DOWN charCode=0 char='ctrl' ctrl=false alt=false shift=false filter=''
stage=IN kind=UP code=UP charCode=0 char='ctrl' ctrl=false alt=false shift=false filter=''
stage=DELETE_CHECK matched=false reason=NO_MATCH code=UP charCode=0 char='ctrl' ctrl=false alt=false shift=false filter=''
stage=UNHANDLED kind=UP code=UP charCode=0 char='ctrl' ctrl=false alt=false shift=false filter=''
stage=IN kind=CANCEL code=ESCAPE charCode=0 char='ctrl' ctrl=false alt=false shift=false filter=''
stage=DELETE_CHECK matched=false reason=NO_MATCH code=ESCAPE charCode=0 char='ctrl' ctrl=false alt=false shift=false filter=''
stage=UNHANDLED kind=CANCEL code=ESCAPE charCode=0 char='ctrl' ctrl=false alt=false shift=false filter=''
stage=IN kind=CANCEL code=ESCAPE charCode=0 char='ctrl' ctrl=false alt=false shift=false filter=''
stage=DELETE_CHECK matched=false reason=NO_MATCH code=ESCAPE charCode=0 char='ctrl' ctrl=false alt=false shift=false filter=''
stage=UNHANDLED kind=CANCEL code=ESCAPE charCode=0 char='ctrl' ctrl=false alt=false shift=false filter=''
stage=IN kind=UP code=UP charCode=0 char='ctrl' ctrl=false alt=false shift=false filter=''
stage=DELETE_CHECK matched=false reason=NO_MATCH code=UP charCode=0 char='ctrl' ctrl=false alt=false shift=false filter=''
stage=UNHANDLED kind=UP code=UP charCode=0 char='ctrl' ctrl=false alt=false shift=false filter=''
stage=IN kind=UP code=UP charCode=0 char='ctrl' ctrl=false alt=false shift=false filter=''
stage=DELETE_CHECK matched=false reason=NO_MATCH code=UP charCode=0 char='ctrl' ctrl=false alt=false shift=false filter=''
stage=UNHANDLED kind=UP code=UP charCode=0 char='ctrl' ctrl=false alt=false shift=false filter=''
stage=IN kind=UP code=UP charCode=0 char='ctrl' ctrl=false alt=false shift=false filter=''
stage=DELETE_CHECK matched=false reason=NO_MATCH code=UP charCode=0 char='ctrl' ctrl=false alt=false shift=false filter=''
stage=UNHANDLED kind=UP code=UP charCode=0 char='ctrl' ctrl=false alt=false shift=false filter=''
stage=IN kind=DOWN code=DOWN charCode=0 char='ctrl' ctrl=false alt=false shift=false filter=''
stage=DELETE_CHECK matched=false reason=NO_MATCH code=DOWN charCode=0 char='ctrl' ctrl=false alt=false shift=false filter=''
stage=UNHANDLED kind=DOWN code=DOWN charCode=0 char='ctrl' ctrl=false alt=false shift=false filter=''
stage=IN kind=DOWN code=DOWN charCode=0 char='ctrl' ctrl=false alt=false shift=false filter=''
stage=DELETE_CHECK matched=false reason=NO_MATCH code=DOWN charCode=0 char='ctrl' ctrl=false alt=false shift=false filter=''
stage=UNHANDLED kind=DOWN code=DOWN charCode=0 char='ctrl' ctrl=false alt=false shift=false filter=''
stage=IN kind=DOWN code=DOWN charCode=0 char='ctrl' ctrl=false alt=false shift=false filter=''
stage=DELETE_CHECK matched=false reason=NO_MATCH code=DOWN charCode=0 char='ctrl' ctrl=false alt=false shift=false filter=''
stage=UNHANDLED kind=DOWN code=DOWN charCode=0 char='ctrl' ctrl=false alt=false shift=false filter=''
stage=IN kind=UP code=UP charCode=0 char='ctrl' ctrl=false alt=false shift=false filter=''
stage=DELETE_CHECK matched=false reason=NO_MATCH code=UP charCode=0 char='ctrl' ctrl=false alt=false shift=false filter=''
stage=UNHANDLED kind=UP code=UP charCode=0 char='ctrl' ctrl=false alt=false shift=false filter=''
stage=IN kind=UP code=UP charCode=0 char='ctrl' ctrl=false alt=false shift=false filter=''
stage=DELETE_CHECK matched=false reason=NO_MATCH code=UP charCode=0 char='ctrl' ctrl=false alt=false shift=false filter=''
stage=UNHANDLED kind=UP code=UP charCode=0 char='ctrl' ctrl=false alt=false shift=false filter=''
stage=IN kind=UP code=UP charCode=0 char='ctrl' ctrl=false alt=false shift=false filter=''
stage=DELETE_CHECK matched=false reason=NO_MATCH code=UP charCode=0 char='ctrl' ctrl=false alt=false shift=false filter=''
stage=UNHANDLED kind=UP code=UP charCode=0 char='ctrl' ctrl=false alt=false shift=false filter=''
stage=IN kind=UP code=UP charCode=0 char='ctrl' ctrl=false alt=false shift=false filter=''
stage=DELETE_CHECK matched=false reason=NO_MATCH code=UP charCode=0 char='ctrl' ctrl=false alt=false shift=false filter=''
stage=UNHANDLED kind=UP code=UP charCode=0 char='ctrl' ctrl=false alt=false shift=false filter=''
stage=IN kind=UP code=UP charCode=0 char='ctrl' ctrl=false alt=false shift=false filter=''
stage=DELETE_CHECK matched=false reason=NO_MATCH code=UP charCode=0 char='ctrl' ctrl=false alt=false shift=false filter=''
stage=UNHANDLED kind=UP code=UP charCode=0 char='ctrl' ctrl=false alt=false shift=false filter=''
stage=IN kind=UP code=UP charCode=0 char='ctrl' ctrl=false alt=false shift=false filter=''
stage=DELETE_CHECK matched=false reason=NO_MATCH code=UP charCode=0 char='ctrl' ctrl=false alt=false shift=false filter=''
stage=UNHANDLED kind=UP code=UP charCode=0 char='ctrl' ctrl=false alt=false shift=false filter=''
stage=IN kind=DOWN code=DOWN charCode=0 char='ctrl' ctrl=false alt=false shift=false filter=''
stage=DELETE_CHECK matched=false reason=NO_MATCH code=DOWN charCode=0 char='ctrl' ctrl=false alt=false shift=false filter=''
stage=UNHANDLED kind=DOWN code=DOWN charCode=0 char='ctrl' ctrl=false alt=false shift=false filter=''
stage=IN kind=DOWN code=DOWN charCode=0 char='ctrl' ctrl=false alt=false shift=false filter=''
stage=DELETE_CHECK matched=false reason=NO_MATCH code=DOWN charCode=0 char='ctrl' ctrl=false alt=false shift=false filter=''
stage=UNHANDLED kind=DOWN code=DOWN charCode=0 char='ctrl' ctrl=false alt=false shift=false filter=''
stage=IN kind=UP code=UP charCode=0 char='ctrl' ctrl=false alt=false shift=false filter=''
stage=DELETE_CHECK matched=false reason=NO_MATCH code=UP charCode=0 char='ctrl' ctrl=false alt=false shift=false filter=''
stage=UNHANDLED kind=UP code=UP charCode=0 char='ctrl' ctrl=false alt=false shift=false filter=''
stage=IN kind=ENTER code=ENTER charCode=0 char='ctrl' ctrl=false alt=false shift=false filter=''
